TERM_PROGRAM=vscode
TERM=xterm-256color
SHELL=/bin/bash
HOMEBREW_REPOSITORY=/opt/homebrew
TMPDIR=/var/folders/qq/3m8nq_ls0rj7d75bks5prfyw0000gn/T/
LIBRARY_PATH=/usr/local/lib:/usr/local/lib:
TERM_PROGRAM_VERSION=1.82.2
ZDOTDIR=/Users/simon
ORIGINAL_XDG_CURRENT_DESKTOP=undefined
MallocNanoZone=0
USER=simon
COMMAND_MODE=unix2003
CPATH=/usr/local/include:
SSH_AUTH_SOCK=/private/tmp/com.apple.launchd.obHtdrf5Ne/Listeners
__CF_USER_TEXT_ENCODING=0x1F5:0x0:0x0
VIRTUAL_ENV=/Users/simon/Desktop/personal/immo_datacollection/house_scraping_project/.venv
PATH=/usr/local/bin:/usr/bin:/bin:/usr/sbin:/sbin
LaunchInstanceID=92ECB247-1F78-4AD0-B12C-70740ADC2493
USER_ZDOTDIR=/Users/simon
__CFBundleIdentifier=com.microsoft.VSCode
PWD=/Users/simon/Desktop/personal/immo_datacollection/house_scraping_project
LANG=en_US.UTF-8
VSCODE_GIT_ASKPASS_EXTRA_ARGS=--ms-enable-electron-run-as-node
XPC_FLAGS=0x0
XPC_SERVICE_NAME=0
VSCODE_INJECTION=1
SHLVL=2
HOME=/Users/simon
VSCODE_GIT_ASKPASS_MAIN=/private/var/folders/qq/3m8nq_ls0rj7d75bks5prfyw0000gn/T/AppTranslocation/8105B636-D853-4076-93BD-551006508CA3/d/Visual Studio Code.app/Contents/Resources/app/extensions/git/dist/askpass-main.js
HOMEBREW_PREFIX=/opt/homebrew
LOGNAME=simon
VSCODE_GIT_IPC_HANDLE=/var/folders/qq/3m8nq_ls0rj7d75bks5prfyw0000gn/T/vscode-git-82264edecd.sock
VSCODE_GIT_ASKPASS_NODE=/private/var/folders/qq/3m8nq_ls0rj7d75bks5prfyw0000gn/T/AppTranslocation/8105B636-D853-4076-93BD-551006508CA3/d/Visual Studio Code.app/Contents/Frameworks/Code Helper (Plugin).app/Contents/MacOS/Code Helper (Plugin)
GIT_ASKPASS=/private/var/folders/qq/3m8nq_ls0rj7d75bks5prfyw0000gn/T/AppTranslocation/8105B636-D853-4076-93BD-551006508CA3/d/Visual Studio Code.app/Contents/Resources/app/extensions/git/dist/askpass.sh
INFOPATH=/opt/homebrew/share/info:/opt/homebrew/share/info:
HOMEBREW_CELLAR=/opt/homebrew/Cellar
SECURITYSESSIONID=186a3
VIRTUAL_ENV_PROMPT=(.venv) 
COLORTERM=truecolor
_=/usr/bin/env
